{
  "RSpec": {
    "coverage": {
      "/Users/etagwerker/Projects/fastruby/gggiiifff.com/app.rb": [
        1,
        1,
        1,
        null,
        1,
        1,
        1,
        1,
        null,
        1,
        1,
        1,
        1,
        null,
        1,
        null,
        8,
        3,
        null,
        null,
        null,
        5,
        5,
        5,
        5,
        null,
        null,
        null,
        0,
        0,
        0,
        null,
        null,
        null,
        null
      ],
      "/Users/etagwerker/Projects/fastruby/gggiiifff.com/config/constants.rb": [
        1,
        1
      ],
      "/Users/etagwerker/Projects/fastruby/gggiiifff.com/config/shrine.rb": [
        null,
        null,
        1,
        1,
        null,
        1,
        null,
        1,
        null,
        null,
        null,
        null,
        null,
        null,
        null,
        null,
        null,
        null,
        null,
        null,
        1,
        1
      ],
      "/Users/etagwerker/Projects/fastruby/gggiiifff.com/models/file.rb": [
        1,
        1,
        1,
        null,
        null
      ],
      "/Users/etagwerker/Projects/fastruby/gggiiifff.com/models/query.rb": [
        1,
        1,
        null,
        1,
        1,
        1,
        1,
        null,
        1,
        7,
        7,
        null,
        null,
        1,
        16,
        null,
        null,
        1,
        2,
        null,
        null,
        1,
        4,
        null,
        1,
        1,
        1,
        null,
        null,
        null
      ],
      "/Users/etagwerker/Projects/fastruby/gggiiifff.com/config/puma.rb": [
        0,
        0,
        0,
        null,
        0,
        null,
        0,
        0,
        0
      ]
    },
    "timestamp": 1570649425
  }
}
